<?xml version="1.0" encoding="UTF-8"?>
<testng-results ignored="0" total="3" passed="3" failed="0" skipped="0">
  <reporter-output>
  </reporter-output>
  <suite started-at="2022-02-16T04:40:09 IST" name="TestSuite" finished-at="2022-02-16T04:40:45 IST" duration-ms="36205">
    <groups>
    </groups>
    <test started-at="2022-02-16T04:40:09 IST" name="Test" finished-at="2022-02-16T04:40:45 IST" duration-ms="36205">
      <class name="com.aspire.tests.AspireBasicTest">
        <test-method is-config="true" signature="setDriver()[pri:0, instance:com.aspire.tests.AspireBasicTest@5fd4f8f5]" started-at="2022-02-16T04:40:09 IST" name="setDriver" finished-at="2022-02-16T04:40:16 IST" duration-ms="6853" status="PASS">
          <reporter-output>
          </reporter-output>
        </test-method> <!-- setDriver -->
        <test-method is-config="true" signature="loginToSite()[pri:0, instance:com.aspire.tests.AspireBasicTest@5fd4f8f5]" started-at="2022-02-16T04:40:16 IST" name="loginToSite" finished-at="2022-02-16T04:40:19 IST" duration-ms="3259" status="PASS">
          <reporter-output>
          </reporter-output>
        </test-method> <!-- loginToSite -->
        <test-method signature="createProduct()[pri:0, instance:com.aspire.tests.AspireBasicTest@5fd4f8f5]" started-at="2022-02-16T04:40:19 IST" name="createProduct" finished-at="2022-02-16T04:40:27 IST" duration-ms="8191" status="PASS">
          <reporter-output>
          </reporter-output>
        </test-method> <!-- createProduct -->
        <test-method signature="updateProductQuantity()[pri:1, instance:com.aspire.tests.AspireBasicTest@5fd4f8f5]" started-at="2022-02-16T04:40:27 IST" name="updateProductQuantity" finished-at="2022-02-16T04:40:30 IST" duration-ms="2655" status="PASS">
          <reporter-output>
          </reporter-output>
        </test-method> <!-- updateProductQuantity -->
        <test-method signature="validateManufacturingOrder()[pri:2, instance:com.aspire.tests.AspireBasicTest@5fd4f8f5]" started-at="2022-02-16T04:40:30 IST" name="validateManufacturingOrder" finished-at="2022-02-16T04:40:45 IST" duration-ms="14814" status="PASS">
          <reporter-output>
          </reporter-output>
        </test-method> <!-- validateManufacturingOrder -->
        <test-method is-config="true" signature="tearDown()[pri:0, instance:com.aspire.tests.AspireBasicTest@5fd4f8f5]" started-at="2022-02-16T04:40:45 IST" name="tearDown" finished-at="2022-02-16T04:40:45 IST" duration-ms="389" status="PASS">
          <reporter-output>
          </reporter-output>
        </test-method> <!-- tearDown -->
      </class> <!-- com.aspire.tests.AspireBasicTest -->
    </test> <!-- Test -->
  </suite> <!-- TestSuite -->
</testng-results>
