<?xml version="1.0" encoding="UTF-8"?>
<!-- Generated by org.testng.reporters.JUnitXMLReporter -->
<testsuite ignored="0" hostname="QB-TP3-2368" failures="0" tests="3" name="Test" time="36.205" errors="0" timestamp="2022-02-16T04:40:45 IST">
  <testcase classname="com.aspire.tests.AspireBasicTest" name="createProduct" time="8.191"/>
  <testcase classname="com.aspire.tests.AspireBasicTest" name="updateProductQuantity" time="2.655"/>
  <testcase classname="com.aspire.tests.AspireBasicTest" name="validateManufacturingOrder" time="14.814"/>
</testsuite> <!-- Test -->
